
Configuring Dynare ...
[mex] Generalized QZ.
[mex] Sylvester equation solution.
[mex] Kronecker products.
[mex] Sparse kronecker products.
[mex] Local state space iteration (second order).
[mex] Bytecode evaluation.
[mex] k-order perturbation solver.
[mex] k-order solution simulation.
[mex] Quasi Monte-Carlo sequence (Sobol).
[mex] Markov Switching SBVAR.

univariate_diffuse_kalman_filter:: T does influence the rank of Pinf!
univariate_diffuse_kalman_filter:: T does influence the rank of Pinf!
univariate_diffuse_kalman_filter:: T does influence the rank of Pinf!
univariate_diffuse_kalman_filter:: T does influence the rank of Pinf!
univariate_diffuse_kalman_filter:: T does influence the rank of Pinf!
univariate_diffuse_kalman_filter:: T does influence the rank of Pinf!
univariate_diffuse_kalman_filter:: T does influence the rank of Pinf!
univariate_diffuse_kalman_filter:: T does influence the rank of Pinf!
univariate_diffuse_kalman_filter:: T does influence the rank of Pinf!
univariate_diffuse_kalman_filter:: T does influence the rank of Pinf!
univariate_diffuse_kalman_filter:: T does influence the rank of Pinf!
univariate_diffuse_kalman_filter:: T does influence the rank of Pinf!
univariate_diffuse_kalman_filter:: T does influence the rank of Pinf!
univariate_diffuse_kalman_filter:: T does influence the rank of Pinf!
univariate_diffuse_kalman_filter:: T does influence the rank of Pinf!
univariate_diffuse_kalman_filter:: T does influence the rank of Pinf!
univariate_diffuse_kalman_filter:: T does influence the rank of Pinf!
univariate_diffuse_kalman_filter:: T does influence the rank of Pinf!
univariate_diffuse_kalman_filter:: T does influence the rank of Pinf!
univariate_diffuse_kalman_filter:: T does influence the rank of Pinf!
univariate_diffuse_kalman_filter:: T does influence the rank of Pinf!
univariate_diffuse_kalman_filter:: T does influence the rank of Pinf!
univariate_diffuse_kalman_filter:: T does influence the rank of Pinf!
univariate_diffuse_kalman_filter:: T does influence the rank of Pinf!
univariate_diffuse_kalman_filter:: T does influence the rank of Pinf!
univariate_diffuse_kalman_filter:: T does influence the rank of Pinf!
univariate_diffuse_kalman_filter:: T does influence the rank of Pinf!
univariate_diffuse_kalman_filter:: T does influence the rank of Pinf!
univariate_diffuse_kalman_filter:: T does influence the rank of Pinf!
univariate_diffuse_kalman_filter:: T does influence the rank of Pinf!
univariate_diffuse_kalman_filter:: T does influence the rank of Pinf!
univariate_diffuse_kalman_filter:: T does influence the rank of Pinf!
univariate_diffuse_kalman_filter:: T does influence the rank of Pinf!
univariate_diffuse_kalman_filter:: T does influence the rank of Pinf!
univariate_diffuse_kalman_filter:: T does influence the rank of Pinf!
univariate_diffuse_kalman_filter:: T does influence the rank of Pinf!
univariate_diffuse_kalman_filter:: T does influence the rank of Pinf!
univariate_diffuse_kalman_filter:: T does influence the rank of Pinf!
univariate_diffuse_kalman_filter:: T does influence the rank of Pinf!
univariate_diffuse_kalman_filter:: T does influence the rank of Pinf!
univariate_diffuse_kalman_filter:: T does influence the rank of Pinf!
univariate_diffuse_kalman_filter:: T does influence the rank of Pinf!
univariate_diffuse_kalman_filter:: T does influence the rank of Pinf!
univariate_diffuse_kalman_filter:: T does influence the rank of Pinf!
univariate_diffuse_kalman_filter:: T does influence the rank of Pinf!
univariate_diffuse_kalman_filter:: T does influence the rank of Pinf!
univariate_diffuse_kalman_filter:: T does influence the rank of Pinf!
univariate_diffuse_kalman_filter:: T does influence the rank of Pinf!
univariate_diffuse_kalman_filter:: T does influence the rank of Pinf!
Elapsed time is 35605.134945 seconds.
fParallel 1 completed.
